<?xml version="1.0" encoding="UTF-8"?>
<!-- Generated by org.testng.reporters.JUnitReportReporter -->
<testsuite hostname="LAPTOP-KVMO3D7F" failures="0" tests="4" name="AssignmentPackage.AssignmentFive" time="1.661" errors="0" timestamp="2023-10-11T02:39:35 IST" skipped="1">
  <testcase classname="AssignmentPackage.AssignmentFive" name="verifyAutomationanywherelogo_present" time="0.255"/>
  <testcase classname="AssignmentPackage.AssignmentFive" name="verifyAcceptCookiePresenceAndClick" time="0.852"/>
  <testcase classname="AssignmentPackage.AssignmentFive" name="verifyEachLinkIsClicked" time="0.554"/>
  <testcase classname="AssignmentPackage.AssignmentFive" name="verifyAcceptCookiePresenceAndClickReverification">
    <skipped/>
  </testcase> <!-- verifyAcceptCookiePresenceAndClickReverification -->
</testsuite> <!-- AssignmentPackage.AssignmentFive -->
