<?xml version="1.0" encoding="UTF-8"?>
<!-- Generated by org.testng.reporters.JUnitReportReporter -->
<testsuite hostname="LAPTOP-KVMO3D7F" failures="0" tests="1" name="comprehensive_six.seleniumUILinks" time="95.426" errors="0" timestamp="2023-10-11T02:45:12 IST" skipped="0">
  <testcase classname="comprehensive_six.seleniumUILinks" name="seleniumUILinksVerification" time="95.426"/>
</testsuite> <!-- comprehensive_six.seleniumUILinks -->
