<?xml version="1.0" encoding="UTF-8"?>
<!-- Generated by org.testng.reporters.JUnitReportReporter -->
<testsuite hostname="LAPTOP-KVMO3D7F" failures="0" tests="1" name="comprehensive_six.ComprehensiveSix" time="19.072" errors="0" timestamp="2023-10-11T02:59:28 IST" skipped="0">
  <testcase classname="comprehensive_six.ComprehensiveSix" name="uiLinkVerification" time="19.072"/>
</testsuite> <!-- comprehensive_six.ComprehensiveSix -->
