<?xml version="1.0" encoding="UTF-8"?>
<!-- Generated by org.testng.reporters.JUnitReportReporter -->
<testsuite hostname="LAPTOP-KVMO3D7F" failures="0" tests="1" name="comprehensive_six.seleniumUIAutomation" time="46.014" errors="0" timestamp="2023-10-11T02:42:07 IST" skipped="0">
  <testcase classname="comprehensive_six.seleniumUIAutomation" name="uiLinkVerification" time="46.014"/>
</testsuite> <!-- comprehensive_six.seleniumUIAutomation -->
