<?xml version="1.0" encoding="UTF-8"?>
<!-- Generated by org.testng.reporters.JUnitReportReporter -->
<testsuite hostname="LAPTOP-KVMO3D7F" failures="0" tests="1" name="comprehensive_six.ReadwriteExcelData" time="1.993" errors="0" timestamp="2023-10-11T00:59:29 IST" skipped="0">
  <testcase classname="comprehensive_six.ReadwriteExcelData" name="getRowCount" time="1.993"/>
</testsuite> <!-- comprehensive_six.ReadwriteExcelData -->
